<?xml version="1.0" encoding="UTF-8"?>
<!-- Generated by org.testng.reporters.JUnitReportReporter -->
<testsuite skipped="0" hostname="DESKTOP-C64J8NP" name="test.NewTest" tests="13" failures="0" timestamp="29 Jul 2020 20:02:04 GMT" time="35.954" errors="0">
  <testcase name="Test0" time="11.195" classname="test.NewTest"/>
  <testcase name="Test1" time="1.413" classname="test.NewTest"/>
  <testcase name="smoke1" time="3.231" classname="test.NewTest"/>
  <testcase name="smoke2" time="0.066" classname="test.NewTest"/>
  <testcase name="Test2" time="7.905" classname="test.NewTest"/>
  <testcase name="Test3" time="2.579" classname="test.NewTest"/>
  <testcase name="smoke3" time="0.072" classname="test.NewTest"/>
  <testcase name="smoke4" time="0.062" classname="test.NewTest"/>
  <testcase name="Test4" time="2.626" classname="test.NewTest"/>
  <testcase name="Test5" time="0.412" classname="test.NewTest"/>
  <testcase name="Test6" time="1.049" classname="test.NewTest"/>
  <testcase name="Test7" time="1.550" classname="test.NewTest"/>
  <testcase name="Test8" time="3.794" classname="test.NewTest"/>
</testsuite> <!-- test.NewTest -->
