<?xml version="1.0" encoding="UTF-8"?>
<!-- Generated by org.testng.reporters.JUnitReportReporter -->
<testsuite skipped="0" hostname="DESKTOP-C64J8NP" name="test.NewTest" tests="13" failures="0" timestamp="10 Aug 2020 09:16:03 GMT" time="30.132" errors="0">
  <testcase name="Test0" time="5.798" classname="test.NewTest"/>
  <testcase name="smoke1" time="3.233" classname="test.NewTest"/>
  <testcase name="Test1" time="2.161" classname="test.NewTest"/>
  <testcase name="smoke2" time="0.124" classname="test.NewTest"/>
  <testcase name="Test2" time="7.915" classname="test.NewTest"/>
  <testcase name="Test3" time="2.475" classname="test.NewTest"/>
  <testcase name="smoke3" time="0.127" classname="test.NewTest"/>
  <testcase name="Test4" time="2.546" classname="test.NewTest"/>
  <testcase name="smoke4" time="0.058" classname="test.NewTest"/>
  <testcase name="Test5" time="0.099" classname="test.NewTest"/>
  <testcase name="Test6" time="0.344" classname="test.NewTest"/>
  <testcase name="Test7" time="1.570" classname="test.NewTest"/>
  <testcase name="Test8" time="3.682" classname="test.NewTest"/>
</testsuite> <!-- test.NewTest -->
